2020-09-20 02:56:02,843  INFO [TestNG] EventHandler:160 - From Thread 11: Trying to navigate to url: https://www.ndtv.com/
2020-09-20 02:56:08,221  INFO [TestNG] EventHandler:82 - From Thread 11: Intended to navigate to url: https://www.ndtv.com/, navigated to: https://www.ndtv.com/
2020-09-20 02:56:17,001  INFO [TestNG] EventHandler:160 - From Thread 11: Trying to navigate to url: https://www.ndtv.com/
2020-09-20 02:56:20,258  INFO [TestNG] EventHandler:82 - From Thread 11: Intended to navigate to url: https://www.ndtv.com/, navigated to: https://www.ndtv.com/
2020-09-20 02:56:20,391  INFO [TestNG] EventHandler:124 - From Thread 11: Trying to find the element using By.linkText: WORLD
2020-09-20 02:56:20,791  INFO [TestNG] EventHandler:45 - From Thread 11: Found the element using By.linkText: WORLD
2020-09-20 02:56:21,195  INFO [TestNG] EventHandler:124 - From Thread 11: Trying to find the element using By.linkText: WORLD
2020-09-20 02:56:21,235  INFO [TestNG] EventHandler:45 - From Thread 11: Found the element using By.linkText: WORLD
2020-09-20 02:56:21,235  INFO [TestNG] EventHandler:118 - From Thread 11: Trying to click on element [[ChromeDriver: chrome on WINDOWS (357e0c88c31f926e97ac9d01618036d1)] -> link text: WORLD]
2020-09-20 02:56:39,661  INFO [TestNG] EventHandler:39 - From Thread 11: Clicked on element [[ChromeDriver: chrome on WINDOWS (357e0c88c31f926e97ac9d01618036d1)] -> link text: WORLD]
2020-09-20 02:56:39,661  INFO [TestNG] EventHandler:124 - From Thread 11: Trying to find the element using By.xpath: //*[@class="ins_page_header"]/h1
2020-09-20 02:56:39,818  INFO [TestNG] EventHandler:178 - From Thread 11: Exception: Cause- null, Message- no such element: Unable to locate element: {"method":"xpath","selector":"//*[@class="ins_page_header"]/h1"}
  (Session info: chrome=85.0.4183.102)
For documentation on this error, please visit: https://www.seleniumhq.org/exceptions/no_such_element.html
Build info: version: '3.141.59', revision: 'e82be7d358', time: '2018-11-14T08:17:03'
System info: host: 'LAPTOP-JOPOHLMU', ip: '192.168.0.165', os.name: 'Windows 10', os.arch: 'amd64', os.version: '10.0', java.version: '1.8.0_221'
Driver info: org.openqa.selenium.chrome.ChromeDriver
Capabilities {acceptInsecureCerts: true, browserName: chrome, browserVersion: 85.0.4183.102, chrome: {chromedriverVersion: 85.0.4183.87 (cd6713ebf92fa..., userDataDir: C:\Users\aparn\AppData\Loca...}, goog:chromeOptions: {debuggerAddress: localhost:52748}, javascriptEnabled: true, networkConnectionEnabled: false, pageLoadStrategy: eager, platform: WINDOWS, platformName: WINDOWS, proxy: Proxy(), setWindowRect: true, strictFileInteractability: false, timeouts: {implicit: 0, pageLoad: 300000, script: 30000}, unhandledPromptBehavior: accept, webauthn:virtualAuthenticators: true}
Session ID: 357e0c88c31f926e97ac9d01618036d1
*** Element info: {Using=xpath, value=//*[@class="ins_page_header"]/h1}
2020-09-20 02:56:40,338  INFO [TestNG] EventHandler:124 - From Thread 11: Trying to find the element using By.xpath: //*[@class="ins_page_header"]/h1
2020-09-20 02:56:41,226  INFO [TestNG] EventHandler:45 - From Thread 11: Found the element using By.xpath: //*[@class="ins_page_header"]/h1
2020-09-20 02:56:41,644  INFO [TestNG] EventHandler:124 - From Thread 11: Trying to find the element using By.id: topnav_section
2020-09-20 02:56:42,432  INFO [TestNG] EventHandler:45 - From Thread 11: Found the element using By.id: topnav_section
2020-09-20 02:56:43,803  INFO [TestNG] EventHandler:124 - From Thread 11: Trying to find the element using By.id: topnav_section
2020-09-20 02:56:44,982  INFO [TestNG] EventHandler:45 - From Thread 11: Found the element using By.id: topnav_section
2020-09-20 02:56:45,405  INFO [TestNG] EventHandler:124 - From Thread 11: Trying to find the element using By.id: topnav_section
2020-09-20 02:56:45,973  INFO [TestNG] EventHandler:45 - From Thread 11: Found the element using By.id: topnav_section
2020-09-20 02:56:45,977  INFO [TestNG] EventHandler:118 - From Thread 11: Trying to click on element [[ChromeDriver: chrome on WINDOWS (357e0c88c31f926e97ac9d01618036d1)] -> id: topnav_section]
2020-09-20 02:56:46,678  INFO [TestNG] EventHandler:39 - From Thread 11: Clicked on element [[ChromeDriver: chrome on WINDOWS (357e0c88c31f926e97ac9d01618036d1)] -> id: topnav_section]
2020-09-20 02:56:46,682  INFO [TestNG] EventHandler:124 - From Thread 11: Trying to find the element using By.xpath: //*[@class="n_weather"]/a
2020-09-20 02:56:46,734  INFO [TestNG] EventHandler:45 - From Thread 11: Found the element using By.xpath: //*[@class="n_weather"]/a
2020-09-20 02:56:46,896  INFO [TestNG] EventHandler:166 - From Thread 11: Trying to start the script arguments[0].scrollIntoView(true);
2020-09-20 02:56:46,896  INFO [TestNG] EventHandler:124 - From Thread 11: Trying to find the element using By.xpath: //*[@class="n_weather"]/a
2020-09-20 02:56:46,926  INFO [TestNG] EventHandler:45 - From Thread 11: Found the element using By.xpath: //*[@class="n_weather"]/a
2020-09-20 02:56:47,010  INFO [TestNG] EventHandler:88 - From Thread 11: Completed the script 'arguments[0].scrollIntoView(true);'
2020-09-20 02:56:47,010  INFO [TestNG] EventHandler:124 - From Thread 11: Trying to find the element using By.xpath: //*[@class="n_weather"]/a
2020-09-20 02:56:47,443  INFO [TestNG] EventHandler:45 - From Thread 11: Found the element using By.xpath: //*[@class="n_weather"]/a
2020-09-20 02:56:47,443  INFO [TestNG] EventHandler:118 - From Thread 11: Trying to click on element [[ChromeDriver: chrome on WINDOWS (357e0c88c31f926e97ac9d01618036d1)] -> xpath: //*[@class="n_weather"]/a]
2020-09-20 02:56:49,483  INFO [TestNG] EventHandler:178 - From Thread 11: Exception: Cause- null, Message- element not interactable
  (Session info: chrome=85.0.4183.102)
Build info: version: '3.141.59', revision: 'e82be7d358', time: '2018-11-14T08:17:03'
System info: host: 'LAPTOP-JOPOHLMU', ip: '192.168.0.165', os.name: 'Windows 10', os.arch: 'amd64', os.version: '10.0', java.version: '1.8.0_221'
Driver info: org.openqa.selenium.chrome.ChromeDriver
Capabilities {acceptInsecureCerts: true, browserName: chrome, browserVersion: 85.0.4183.102, chrome: {chromedriverVersion: 85.0.4183.87 (cd6713ebf92fa..., userDataDir: C:\Users\aparn\AppData\Loca...}, goog:chromeOptions: {debuggerAddress: localhost:52748}, javascriptEnabled: true, networkConnectionEnabled: false, pageLoadStrategy: eager, platform: WINDOWS, platformName: WINDOWS, proxy: Proxy(), setWindowRect: true, strictFileInteractability: false, timeouts: {implicit: 0, pageLoad: 300000, script: 30000}, unhandledPromptBehavior: accept, webauthn:virtualAuthenticators: true}
Session ID: 357e0c88c31f926e97ac9d01618036d1
2020-09-20 02:56:49,487  INFO [TestNG] EventHandler:124 - From Thread 11: Trying to find the element using By.id: topnav_section
2020-09-20 02:56:49,511  INFO [TestNG] EventHandler:45 - From Thread 11: Found the element using By.id: topnav_section
2020-09-20 02:56:49,547  INFO [TestNG] EventHandler:124 - From Thread 11: Trying to find the element using By.id: topnav_section
2020-09-20 02:56:49,569  INFO [TestNG] EventHandler:45 - From Thread 11: Found the element using By.id: topnav_section
2020-09-20 02:56:49,583  INFO [TestNG] EventHandler:124 - From Thread 11: Trying to find the element using By.id: topnav_section
2020-09-20 02:56:49,603  INFO [TestNG] EventHandler:45 - From Thread 11: Found the element using By.id: topnav_section
2020-09-20 02:56:49,607  INFO [TestNG] EventHandler:118 - From Thread 11: Trying to click on element [[ChromeDriver: chrome on WINDOWS (357e0c88c31f926e97ac9d01618036d1)] -> id: topnav_section]
2020-09-20 02:56:49,695  INFO [TestNG] EventHandler:39 - From Thread 11: Clicked on element [[ChromeDriver: chrome on WINDOWS (357e0c88c31f926e97ac9d01618036d1)] -> id: topnav_section]
2020-09-20 02:56:49,699  INFO [TestNG] EventHandler:124 - From Thread 11: Trying to find the element using By.xpath: //*[@class="n_weather"]/a
2020-09-20 02:56:49,736  INFO [TestNG] EventHandler:45 - From Thread 11: Found the element using By.xpath: //*[@class="n_weather"]/a
2020-09-20 02:56:49,772  INFO [TestNG] EventHandler:166 - From Thread 11: Trying to start the script arguments[0].scrollIntoView(true);
2020-09-20 02:56:49,772  INFO [TestNG] EventHandler:124 - From Thread 11: Trying to find the element using By.xpath: //*[@class="n_weather"]/a
2020-09-20 02:56:49,796  INFO [TestNG] EventHandler:45 - From Thread 11: Found the element using By.xpath: //*[@class="n_weather"]/a
2020-09-20 02:56:49,804  INFO [TestNG] EventHandler:88 - From Thread 11: Completed the script 'arguments[0].scrollIntoView(true);'
2020-09-20 02:56:49,804  INFO [TestNG] EventHandler:124 - From Thread 11: Trying to find the element using By.xpath: //*[@class="n_weather"]/a
2020-09-20 02:56:49,822  INFO [TestNG] EventHandler:45 - From Thread 11: Found the element using By.xpath: //*[@class="n_weather"]/a
2020-09-20 02:56:49,822  INFO [TestNG] EventHandler:118 - From Thread 11: Trying to click on element [[ChromeDriver: chrome on WINDOWS (357e0c88c31f926e97ac9d01618036d1)] -> xpath: //*[@class="n_weather"]/a]
2020-09-20 02:56:50,074  INFO [TestNG] EventHandler:39 - From Thread 11: Clicked on element [[ChromeDriver: chrome on WINDOWS (357e0c88c31f926e97ac9d01618036d1)] -> xpath: //*[@class="n_weather"]/a]
2020-09-20 02:56:50,430  INFO [TestNG] EventHandler:124 - From Thread 11: Trying to find the element using By.xpath: //img[contains(@src, "ndtv_logo")]
2020-09-20 02:56:52,582  INFO [TestNG] EventHandler:45 - From Thread 11: Found the element using By.xpath: //img[contains(@src, "ndtv_logo")]
2020-09-20 02:56:53,637  INFO [TestNG] EventHandler:124 - From Thread 11: Trying to find the element using By.xpath: //img[contains(@src, "ndtv_logo")]
2020-09-20 02:56:53,656  INFO [TestNG] EventHandler:45 - From Thread 11: Found the element using By.xpath: //img[contains(@src, "ndtv_logo")]
2020-09-20 02:56:53,872  INFO [TestNG] EventHandler:124 - From Thread 11: Trying to find the element using By.id: searchBox
2020-09-20 02:56:54,052  INFO [TestNG] EventHandler:45 - From Thread 11: Found the element using By.id: searchBox
2020-09-20 02:56:54,100  INFO [TestNG] EventHandler:112 - From Thread 11: Before value: , expected to be set to: Bengaluru
2020-09-20 02:56:54,260  INFO [TestNG] EventHandler:33 - From Thread 11: Intended to set value: Bengaluru, value that has been set: Bengaluru
2020-09-20 02:56:54,264  INFO [TestNG] EventHandler:124 - From Thread 11: Trying to find the element using By.xpath: //input[@id='Bengaluru'][@type='checkbox']
2020-09-20 02:56:54,280  INFO [TestNG] EventHandler:45 - From Thread 11: Found the element using By.xpath: //input[@id='Bengaluru'][@type='checkbox']
2020-09-20 02:56:54,292  INFO [TestNG] EventHandler:124 - From Thread 11: Trying to find the element using By.xpath: //div[@title="Bengaluru"]/div[@class="temperatureContainer"]/span[@class="tempWhiteText"]
2020-09-20 02:56:54,312  INFO [TestNG] EventHandler:45 - From Thread 11: Found the element using By.xpath: //div[@title="Bengaluru"]/div[@class="temperatureContainer"]/span[@class="tempWhiteText"]
2020-09-20 02:56:54,352  INFO [TestNG] EventHandler:118 - From Thread 11: Trying to click on element [[ChromeDriver: chrome on WINDOWS (357e0c88c31f926e97ac9d01618036d1)] -> xpath: //div[@title="Bengaluru"]/div[@class="temperatureContainer"]/span[@class="tempWhiteText"]]
2020-09-20 02:56:54,502  INFO [TestNG] EventHandler:39 - From Thread 11: Clicked on element [[ChromeDriver: chrome on WINDOWS (357e0c88c31f926e97ac9d01618036d1)] -> xpath: //div[@title="Bengaluru"]/div[@class="temperatureContainer"]/span[@class="tempWhiteText"]]
2020-09-20 02:56:54,534  INFO [TestNG] EventHandler:124 - From Thread 11: Trying to find the element using By.xpath: //*[@class="leaflet-popup-content-wrapper"]
2020-09-20 02:56:54,554  INFO [TestNG] EventHandler:45 - From Thread 11: Found the element using By.xpath: //*[@class="leaflet-popup-content-wrapper"]
2020-09-20 02:56:54,586  INFO [TestNG] EventHandler:124 - From Thread 11: Trying to find the element using By.xpath: //div[@class="leaflet-popup-content"]/div/span
2020-09-20 02:56:54,706  INFO [TestNG] EventHandler:45 - From Thread 11: Found the element using By.xpath: //div[@class="leaflet-popup-content"]/div/span
2020-09-20 02:56:54,707  INFO [TestNG] EventHandler:136 - From Thread 11: Trying to get text value from element [[ChromeDriver: chrome on WINDOWS (357e0c88c31f926e97ac9d01618036d1)] -> xpath: //div[@class="leaflet-popup-content"]/div/span]
2020-09-20 02:56:54,724  INFO [TestNG] EventHandler:58 - From Thread 11: Fetched value 'Condition : Overcast' from element [[ChromeDriver: chrome on WINDOWS (357e0c88c31f926e97ac9d01618036d1)] -> xpath: //div[@class="leaflet-popup-content"]/div/span]
2020-09-20 02:56:54,724  INFO [TestNG] EventHandler:136 - From Thread 11: Trying to get text value from element [[ChromeDriver: chrome on WINDOWS (357e0c88c31f926e97ac9d01618036d1)] -> xpath: //div[@class="leaflet-popup-content"]/div/span]
2020-09-20 02:56:54,744  INFO [TestNG] EventHandler:58 - From Thread 11: Fetched value 'Wind: 5.74 KPH Gusting to 9.34 KPH' from element [[ChromeDriver: chrome on WINDOWS (357e0c88c31f926e97ac9d01618036d1)] -> xpath: //div[@class="leaflet-popup-content"]/div/span]
2020-09-20 02:56:54,744  INFO [TestNG] EventHandler:136 - From Thread 11: Trying to get text value from element [[ChromeDriver: chrome on WINDOWS (357e0c88c31f926e97ac9d01618036d1)] -> xpath: //div[@class="leaflet-popup-content"]/div/span]
2020-09-20 02:56:54,764  INFO [TestNG] EventHandler:58 - From Thread 11: Fetched value 'Humidity: 94%' from element [[ChromeDriver: chrome on WINDOWS (357e0c88c31f926e97ac9d01618036d1)] -> xpath: //div[@class="leaflet-popup-content"]/div/span]
2020-09-20 02:56:54,764  INFO [TestNG] EventHandler:136 - From Thread 11: Trying to get text value from element [[ChromeDriver: chrome on WINDOWS (357e0c88c31f926e97ac9d01618036d1)] -> xpath: //div[@class="leaflet-popup-content"]/div/span]
2020-09-20 02:56:54,784  INFO [TestNG] EventHandler:58 - From Thread 11: Fetched value 'Temp in Degrees: 23' from element [[ChromeDriver: chrome on WINDOWS (357e0c88c31f926e97ac9d01618036d1)] -> xpath: //div[@class="leaflet-popup-content"]/div/span]
2020-09-20 02:56:54,784  INFO [TestNG] EventHandler:136 - From Thread 11: Trying to get text value from element [[ChromeDriver: chrome on WINDOWS (357e0c88c31f926e97ac9d01618036d1)] -> xpath: //div[@class="leaflet-popup-content"]/div/span]
2020-09-20 02:56:54,804  INFO [TestNG] EventHandler:58 - From Thread 11: Fetched value 'Temp in Fahrenheit: 73' from element [[ChromeDriver: chrome on WINDOWS (357e0c88c31f926e97ac9d01618036d1)] -> xpath: //div[@class="leaflet-popup-content"]/div/span]
